<?xml version="1.0" encoding="UTF-8"?>
<testng-results total="1" passed="1" failed="0" skipped="0">
  <reporter-output>
  </reporter-output>
  <suite started-at="2025-01-23T10:17:34Z" name="Default suite" finished-at="2025-01-23T10:18:15Z" duration-ms="41587">
    <groups>
    </groups>
    <test started-at="2025-01-23T10:17:34Z" name="Default test" finished-at="2025-01-23T10:18:15Z" duration-ms="41587">
      <class name="org.testing.TestScripts.TC1">
        <test-method is-config="true" signature="browserInit()[pri:0, instance:org.testing.TestScripts.TC1@43f02ef2]" started-at="2025-01-23T15:47:34Z" name="browserInit" finished-at="2025-01-23T15:47:40Z" duration-ms="6122" status="PASS">
          <reporter-output>
          </reporter-output>
        </test-method> <!-- browserInit -->
        <test-method signature="tc1()[pri:0, instance:org.testing.TestScripts.TC1@43f02ef2]" started-at="2025-01-23T15:47:40Z" name="tc1" finished-at="2025-01-23T15:48:15Z" duration-ms="35298" status="PASS">
          <reporter-output>
          </reporter-output>
        </test-method> <!-- tc1 -->
        <test-method is-config="true" signature="browserClose()[pri:0, instance:org.testing.TestScripts.TC1@43f02ef2]" started-at="2025-01-23T15:48:15Z" name="browserClose" finished-at="2025-01-23T15:48:15Z" duration-ms="151" status="PASS">
          <reporter-output>
          </reporter-output>
        </test-method> <!-- browserClose -->
      </class> <!-- org.testing.TestScripts.TC1 -->
    </test> <!-- Default test -->
  </suite> <!-- Default suite -->
</testng-results>
